[02-Mar-2020 06:08:47 UTC] PHP Parse error:  syntax error, unexpected 'else' (T_ELSE) in C:\xampp\htdocs\theetsindia\wp-content\themes\ETS\single-what_we_do.php on line 64
[02-Mar-2020 09:29:02 UTC] PHP Notice:  Undefined offset: 0 in C:\xampp\htdocs\theetsindia\wp-content\themes\ETS\header-whar_we_do.php on line 237
[02-Mar-2020 09:29:03 UTC] PHP Notice:  Undefined offset: 0 in C:\xampp\htdocs\theetsindia\wp-content\themes\ETS\header-whar_we_do.php on line 237
[03-Mar-2020 08:07:53 UTC] PHP Notice:  Array to string conversion in C:\xampp\htdocs\theetsindia\wp-content\plugins\advanced-custom-fields\includes\api\api-template.php on line 850
[03-Mar-2020 08:07:53 UTC] PHP Notice:  Array to string conversion in C:\xampp\htdocs\theetsindia\wp-content\plugins\advanced-custom-fields\includes\api\api-template.php on line 850
[03-Mar-2020 08:07:53 UTC] PHP Notice:  Array to string conversion in C:\xampp\htdocs\theetsindia\wp-content\plugins\advanced-custom-fields\includes\api\api-template.php on line 850
[03-Mar-2020 08:07:53 UTC] PHP Notice:  Array to string conversion in C:\xampp\htdocs\theetsindia\wp-content\plugins\advanced-custom-fields\includes\api\api-template.php on line 850
[03-Mar-2020 08:07:53 UTC] PHP Notice:  Array to string conversion in C:\xampp\htdocs\theetsindia\wp-content\plugins\advanced-custom-fields\includes\api\api-template.php on line 850
[03-Mar-2020 08:07:53 UTC] PHP Notice:  Array to string conversion in C:\xampp\htdocs\theetsindia\wp-content\plugins\advanced-custom-fields\includes\api\api-template.php on line 850
[03-Mar-2020 08:07:53 UTC] PHP Notice:  Array to string conversion in C:\xampp\htdocs\theetsindia\wp-content\plugins\advanced-custom-fields\includes\api\api-template.php on line 850
[03-Mar-2020 08:07:53 UTC] PHP Notice:  Array to string conversion in C:\xampp\htdocs\theetsindia\wp-content\plugins\advanced-custom-fields\includes\api\api-template.php on line 850
[03-Mar-2020 08:07:53 UTC] PHP Notice:  Array to string conversion in C:\xampp\htdocs\theetsindia\wp-content\plugins\advanced-custom-fields\includes\api\api-template.php on line 850
[03-Mar-2020 08:07:53 UTC] PHP Notice:  Array to string conversion in C:\xampp\htdocs\theetsindia\wp-content\plugins\advanced-custom-fields\includes\api\api-template.php on line 850
[03-Mar-2020 08:07:53 UTC] PHP Notice:  Array to string conversion in C:\xampp\htdocs\theetsindia\wp-content\plugins\advanced-custom-fields\includes\api\api-template.php on line 850
[03-Mar-2020 08:07:53 UTC] PHP Notice:  Array to string conversion in C:\xampp\htdocs\theetsindia\wp-content\plugins\advanced-custom-fields\includes\api\api-template.php on line 850
[03-Mar-2020 08:07:53 UTC] PHP Notice:  Array to string conversion in C:\xampp\htdocs\theetsindia\wp-content\plugins\advanced-custom-fields\includes\api\api-template.php on line 850
[03-Mar-2020 08:07:53 UTC] PHP Notice:  Array to string conversion in C:\xampp\htdocs\theetsindia\wp-content\plugins\advanced-custom-fields\includes\api\api-template.php on line 850
[03-Mar-2020 08:07:53 UTC] PHP Notice:  Array to string conversion in C:\xampp\htdocs\theetsindia\wp-content\plugins\advanced-custom-fields\includes\api\api-template.php on line 850
[03-Mar-2020 08:07:53 UTC] PHP Notice:  Array to string conversion in C:\xampp\htdocs\theetsindia\wp-content\plugins\advanced-custom-fields\includes\api\api-template.php on line 850
[03-Mar-2020 08:07:53 UTC] PHP Notice:  Array to string conversion in C:\xampp\htdocs\theetsindia\wp-content\plugins\advanced-custom-fields\includes\api\api-template.php on line 850
[03-Mar-2020 08:07:53 UTC] PHP Notice:  Array to string conversion in C:\xampp\htdocs\theetsindia\wp-content\plugins\advanced-custom-fields\includes\api\api-template.php on line 850
[03-Mar-2020 08:07:53 UTC] PHP Notice:  Array to string conversion in C:\xampp\htdocs\theetsindia\wp-content\plugins\advanced-custom-fields\includes\api\api-template.php on line 850
[03-Mar-2020 08:07:53 UTC] PHP Notice:  Array to string conversion in C:\xampp\htdocs\theetsindia\wp-content\plugins\advanced-custom-fields\includes\api\api-template.php on line 850
[03-Mar-2020 08:11:51 UTC] PHP Fatal error:  Maximum execution time of 30 seconds exceeded in C:\xampp\htdocs\theetsindia\wp-content\plugins\advanced-custom-fields\includes\loop.php on line 87
[03-Mar-2020 08:13:21 UTC] PHP Fatal error:  Uncaught Error: Call to undefined function the_sub_sub_field() in C:\xampp\htdocs\theetsindia\wp-content\themes\ETS\header.php:129
Stack trace:
#0 C:\xampp\htdocs\theetsindia\wp-includes\template.php(722): require_once()
#1 C:\xampp\htdocs\theetsindia\wp-includes\template.php(671): load_template('C:\\xampp\\htdocs...', true)
#2 C:\xampp\htdocs\theetsindia\wp-includes\general-template.php(41): locate_template(Array, true)
#3 C:\xampp\htdocs\theetsindia\wp-content\themes\ETS\front-page.php(2): get_header()
#4 C:\xampp\htdocs\theetsindia\wp-includes\template-loader.php(98): include('C:\\xampp\\htdocs...')
#5 C:\xampp\htdocs\theetsindia\wp-blog-header.php(19): require_once('C:\\xampp\\htdocs...')
#6 C:\xampp\htdocs\theetsindia\index.php(17): require('C:\\xampp\\htdocs...')
#7 {main}
  thrown in C:\xampp\htdocs\theetsindia\wp-content\themes\ETS\header.php on line 129
[03-Mar-2020 11:40:03 UTC] PHP Warning:  Use of undefined constant MY_JS_URL - assumed 'MY_JS_URL' (this will throw an Error in a future version of PHP) in C:\xampp\htdocs\theetsindia\wp-content\themes\ETS\functions.php on line 987
[03-Mar-2020 11:40:03 UTC] PHP Notice:  wp_enqueue_script was called <strong>incorrectly</strong>. Scripts and styles should not be registered or enqueued until the <code>wp_enqueue_scripts</code>, <code>admin_enqueue_scripts</code>, or <code>login_enqueue_scripts</code> hooks. Please see <a href="https://wordpress.org/support/article/debugging-in-wordpress/">Debugging in WordPress</a> for more information. (This message was added in version 3.3.0.) in C:\xampp\htdocs\theetsindia\wp-includes\functions.php on line 4986
[03-Mar-2020 11:40:05 UTC] PHP Warning:  Use of undefined constant MY_JS_URL - assumed 'MY_JS_URL' (this will throw an Error in a future version of PHP) in C:\xampp\htdocs\theetsindia\wp-content\themes\ETS\functions.php on line 987
[03-Mar-2020 11:40:05 UTC] PHP Notice:  wp_enqueue_script was called <strong>incorrectly</strong>. Scripts and styles should not be registered or enqueued until the <code>wp_enqueue_scripts</code>, <code>admin_enqueue_scripts</code>, or <code>login_enqueue_scripts</code> hooks. Please see <a href="https://wordpress.org/support/article/debugging-in-wordpress/">Debugging in WordPress</a> for more information. (This message was added in version 3.3.0.) in C:\xampp\htdocs\theetsindia\wp-includes\functions.php on line 4986
[03-Mar-2020 11:40:05 UTC] PHP Warning:  Use of undefined constant MY_JS_URL - assumed 'MY_JS_URL' (this will throw an Error in a future version of PHP) in C:\xampp\htdocs\theetsindia\wp-content\themes\ETS\functions.php on line 987
[03-Mar-2020 11:40:05 UTC] PHP Notice:  wp_enqueue_script was called <strong>incorrectly</strong>. Scripts and styles should not be registered or enqueued until the <code>wp_enqueue_scripts</code>, <code>admin_enqueue_scripts</code>, or <code>login_enqueue_scripts</code> hooks. Please see <a href="https://wordpress.org/support/article/debugging-in-wordpress/">Debugging in WordPress</a> for more information. (This message was added in version 3.3.0.) in C:\xampp\htdocs\theetsindia\wp-includes\functions.php on line 4986
[03-Mar-2020 11:40:05 UTC] PHP Warning:  Use of undefined constant MY_JS_URL - assumed 'MY_JS_URL' (this will throw an Error in a future version of PHP) in C:\xampp\htdocs\theetsindia\wp-content\themes\ETS\functions.php on line 987
[03-Mar-2020 11:40:05 UTC] PHP Notice:  wp_enqueue_script was called <strong>incorrectly</strong>. Scripts and styles should not be registered or enqueued until the <code>wp_enqueue_scripts</code>, <code>admin_enqueue_scripts</code>, or <code>login_enqueue_scripts</code> hooks. Please see <a href="https://wordpress.org/support/article/debugging-in-wordpress/">Debugging in WordPress</a> for more information. (This message was added in version 3.3.0.) in C:\xampp\htdocs\theetsindia\wp-includes\functions.php on line 4986
[03-Mar-2020 11:40:06 UTC] PHP Warning:  Use of undefined constant MY_JS_URL - assumed 'MY_JS_URL' (this will throw an Error in a future version of PHP) in C:\xampp\htdocs\theetsindia\wp-content\themes\ETS\functions.php on line 987
[03-Mar-2020 11:40:06 UTC] PHP Notice:  wp_enqueue_script was called <strong>incorrectly</strong>. Scripts and styles should not be registered or enqueued until the <code>wp_enqueue_scripts</code>, <code>admin_enqueue_scripts</code>, or <code>login_enqueue_scripts</code> hooks. Please see <a href="https://wordpress.org/support/article/debugging-in-wordpress/">Debugging in WordPress</a> for more information. (This message was added in version 3.3.0.) in C:\xampp\htdocs\theetsindia\wp-includes\functions.php on line 4986
[03-Mar-2020 11:40:08 UTC] PHP Warning:  Use of undefined constant MY_JS_URL - assumed 'MY_JS_URL' (this will throw an Error in a future version of PHP) in C:\xampp\htdocs\theetsindia\wp-content\themes\ETS\functions.php on line 987
[03-Mar-2020 11:40:08 UTC] PHP Notice:  wp_enqueue_script was called <strong>incorrectly</strong>. Scripts and styles should not be registered or enqueued until the <code>wp_enqueue_scripts</code>, <code>admin_enqueue_scripts</code>, or <code>login_enqueue_scripts</code> hooks. Please see <a href="https://wordpress.org/support/article/debugging-in-wordpress/">Debugging in WordPress</a> for more information. (This message was added in version 3.3.0.) in C:\xampp\htdocs\theetsindia\wp-includes\functions.php on line 4986
[03-Mar-2020 12:12:31 UTC] PHP Notice:  wp_localize_script was called <strong>incorrectly</strong>. Scripts and styles should not be registered or enqueued until the <code>wp_enqueue_scripts</code>, <code>admin_enqueue_scripts</code>, or <code>login_enqueue_scripts</code> hooks. Please see <a href="https://wordpress.org/support/article/debugging-in-wordpress/">Debugging in WordPress</a> for more information. (This message was added in version 3.3.0.) in C:\xampp\htdocs\theetsindia\wp-includes\functions.php on line 4986
[03-Mar-2020 12:12:31 UTC] PHP Notice:  wp_localize_script was called <strong>incorrectly</strong>. Scripts and styles should not be registered or enqueued until the <code>wp_enqueue_scripts</code>, <code>admin_enqueue_scripts</code>, or <code>login_enqueue_scripts</code> hooks. Please see <a href="https://wordpress.org/support/article/debugging-in-wordpress/">Debugging in WordPress</a> for more information. (This message was added in version 3.3.0.) in C:\xampp\htdocs\theetsindia\wp-includes\functions.php on line 4986
[03-Mar-2020 12:12:34 UTC] PHP Notice:  wp_localize_script was called <strong>incorrectly</strong>. Scripts and styles should not be registered or enqueued until the <code>wp_enqueue_scripts</code>, <code>admin_enqueue_scripts</code>, or <code>login_enqueue_scripts</code> hooks. Please see <a href="https://wordpress.org/support/article/debugging-in-wordpress/">Debugging in WordPress</a> for more information. (This message was added in version 3.3.0.) in C:\xampp\htdocs\theetsindia\wp-includes\functions.php on line 4986
[03-Mar-2020 12:12:34 UTC] PHP Notice:  wp_localize_script was called <strong>incorrectly</strong>. Scripts and styles should not be registered or enqueued until the <code>wp_enqueue_scripts</code>, <code>admin_enqueue_scripts</code>, or <code>login_enqueue_scripts</code> hooks. Please see <a href="https://wordpress.org/support/article/debugging-in-wordpress/">Debugging in WordPress</a> for more information. (This message was added in version 3.3.0.) in C:\xampp\htdocs\theetsindia\wp-includes\functions.php on line 4986
[03-Mar-2020 12:12:34 UTC] PHP Notice:  wp_localize_script was called <strong>incorrectly</strong>. Scripts and styles should not be registered or enqueued until the <code>wp_enqueue_scripts</code>, <code>admin_enqueue_scripts</code>, or <code>login_enqueue_scripts</code> hooks. Please see <a href="https://wordpress.org/support/article/debugging-in-wordpress/">Debugging in WordPress</a> for more information. (This message was added in version 3.3.0.) in C:\xampp\htdocs\theetsindia\wp-includes\functions.php on line 4986
[03-Mar-2020 12:12:35 UTC] PHP Notice:  wp_localize_script was called <strong>incorrectly</strong>. Scripts and styles should not be registered or enqueued until the <code>wp_enqueue_scripts</code>, <code>admin_enqueue_scripts</code>, or <code>login_enqueue_scripts</code> hooks. Please see <a href="https://wordpress.org/support/article/debugging-in-wordpress/">Debugging in WordPress</a> for more information. (This message was added in version 3.3.0.) in C:\xampp\htdocs\theetsindia\wp-includes\functions.php on line 4986
[03-Mar-2020 12:45:16 UTC] PHP Notice:  wp_localize_script was called <strong>incorrectly</strong>. Scripts and styles should not be registered or enqueued until the <code>wp_enqueue_scripts</code>, <code>admin_enqueue_scripts</code>, or <code>login_enqueue_scripts</code> hooks. Please see <a href="https://wordpress.org/support/article/debugging-in-wordpress/">Debugging in WordPress</a> for more information. (This message was added in version 3.3.0.) in C:\xampp\htdocs\theetsindia\wp-includes\functions.php on line 4986
[03-Mar-2020 12:45:18 UTC] PHP Notice:  wp_localize_script was called <strong>incorrectly</strong>. Scripts and styles should not be registered or enqueued until the <code>wp_enqueue_scripts</code>, <code>admin_enqueue_scripts</code>, or <code>login_enqueue_scripts</code> hooks. Please see <a href="https://wordpress.org/support/article/debugging-in-wordpress/">Debugging in WordPress</a> for more information. (This message was added in version 3.3.0.) in C:\xampp\htdocs\theetsindia\wp-includes\functions.php on line 4986
[03-Mar-2020 12:45:18 UTC] PHP Notice:  wp_localize_script was called <strong>incorrectly</strong>. Scripts and styles should not be registered or enqueued until the <code>wp_enqueue_scripts</code>, <code>admin_enqueue_scripts</code>, or <code>login_enqueue_scripts</code> hooks. Please see <a href="https://wordpress.org/support/article/debugging-in-wordpress/">Debugging in WordPress</a> for more information. (This message was added in version 3.3.0.) in C:\xampp\htdocs\theetsindia\wp-includes\functions.php on line 4986
[03-Mar-2020 12:45:18 UTC] PHP Notice:  wp_localize_script was called <strong>incorrectly</strong>. Scripts and styles should not be registered or enqueued until the <code>wp_enqueue_scripts</code>, <code>admin_enqueue_scripts</code>, or <code>login_enqueue_scripts</code> hooks. Please see <a href="https://wordpress.org/support/article/debugging-in-wordpress/">Debugging in WordPress</a> for more information. (This message was added in version 3.3.0.) in C:\xampp\htdocs\theetsindia\wp-includes\functions.php on line 4986
[03-Mar-2020 12:45:19 UTC] PHP Notice:  wp_localize_script was called <strong>incorrectly</strong>. Scripts and styles should not be registered or enqueued until the <code>wp_enqueue_scripts</code>, <code>admin_enqueue_scripts</code>, or <code>login_enqueue_scripts</code> hooks. Please see <a href="https://wordpress.org/support/article/debugging-in-wordpress/">Debugging in WordPress</a> for more information. (This message was added in version 3.3.0.) in C:\xampp\htdocs\theetsindia\wp-includes\functions.php on line 4986
[03-Mar-2020 12:46:09 UTC] PHP Notice:  wp_localize_script was called <strong>incorrectly</strong>. Scripts and styles should not be registered or enqueued until the <code>wp_enqueue_scripts</code>, <code>admin_enqueue_scripts</code>, or <code>login_enqueue_scripts</code> hooks. Please see <a href="https://wordpress.org/support/article/debugging-in-wordpress/">Debugging in WordPress</a> for more information. (This message was added in version 3.3.0.) in C:\xampp\htdocs\theetsindia\wp-includes\functions.php on line 4986
[03-Mar-2020 12:46:14 UTC] PHP Notice:  wp_localize_script was called <strong>incorrectly</strong>. Scripts and styles should not be registered or enqueued until the <code>wp_enqueue_scripts</code>, <code>admin_enqueue_scripts</code>, or <code>login_enqueue_scripts</code> hooks. Please see <a href="https://wordpress.org/support/article/debugging-in-wordpress/">Debugging in WordPress</a> for more information. (This message was added in version 3.3.0.) in C:\xampp\htdocs\theetsindia\wp-includes\functions.php on line 4986
[03-Mar-2020 12:47:10 UTC] PHP Notice:  wp_localize_script was called <strong>incorrectly</strong>. Scripts and styles should not be registered or enqueued until the <code>wp_enqueue_scripts</code>, <code>admin_enqueue_scripts</code>, or <code>login_enqueue_scripts</code> hooks. Please see <a href="https://wordpress.org/support/article/debugging-in-wordpress/">Debugging in WordPress</a> for more information. (This message was added in version 3.3.0.) in C:\xampp\htdocs\theetsindia\wp-includes\functions.php on line 4986
[03-Mar-2020 12:48:15 UTC] PHP Notice:  wp_localize_script was called <strong>incorrectly</strong>. Scripts and styles should not be registered or enqueued until the <code>wp_enqueue_scripts</code>, <code>admin_enqueue_scripts</code>, or <code>login_enqueue_scripts</code> hooks. Please see <a href="https://wordpress.org/support/article/debugging-in-wordpress/">Debugging in WordPress</a> for more information. (This message was added in version 3.3.0.) in C:\xampp\htdocs\theetsindia\wp-includes\functions.php on line 4986
[04-Mar-2020 12:06:56 UTC] PHP Notice:  Undefined variable: query in /home2/etsdemoc/public_html/t/theetsindia/wp-content/themes/ETS/ajax/career_details.php on line 9
[04-Mar-2020 12:06:56 UTC] PHP Fatal error:  Uncaught Error: Call to a member function the_post() on null in /home2/etsdemoc/public_html/t/theetsindia/wp-content/themes/ETS/ajax/career_details.php:9
Stack trace:
#0 {main}
  thrown in /home2/etsdemoc/public_html/t/theetsindia/wp-content/themes/ETS/ajax/career_details.php on line 9
[09-Jul-2020 12:18:54 UTC] PHP Notice:  Undefined index: original_post_status in /home2/etsdemoc/public_html/t/theetsindia/wp-content/themes/ETS/functions.php on line 1044
[09-Jul-2020 12:18:54 UTC] PHP Warning:  Cannot modify header information - headers already sent by (output started at /home2/etsdemoc/public_html/t/theetsindia/wp-content/themes/ETS/functions.php:1044) in /home2/etsdemoc/public_html/t/theetsindia/wp-admin/admin-header.php on line 9
[09-Jul-2020 12:30:10 UTC] PHP Notice:  Trying to get property of non-object in /home2/etsdemoc/public_html/t/theetsindia/wp-content/themes/ETS/functions.php on line 1059
[09-Jul-2020 12:30:10 UTC] PHP Notice:  Trying to get property of non-object in /home2/etsdemoc/public_html/t/theetsindia/wp-content/themes/ETS/functions.php on line 1059
[09-Jul-2020 12:30:43 UTC] WordPress database error Table 'etsdemoc_theetsindia.wp_yoast_indexable' doesn't exist for query UPDATE wp_yoast_indexable SET permalink = NULL WHERE object_type = 'post' AND object_sub_type = 'attachment' made by require_once('wp-admin/admin.php'), require_once('wp-load.php'), require_once('wp-config.php'), require_once('wp-settings.php'), do_action('plugins_loaded'), WP_Hook->do_action, WP_Hook->apply_filters, wpseo_init, WPSEO_Upgrade->__construct, array_walk, WPSEO_Upgrade->run_upgrade_routine, WPSEO_Upgrade->upgrade_141, WPSEO_Upgrade->reset_permalinks_of_attachments_for_141
[09-Jul-2020 12:30:44 UTC] PHP Notice:  Trying to get property of non-object in /home2/etsdemoc/public_html/t/theetsindia/wp-content/themes/ETS/functions.php on line 1059
[09-Jul-2020 12:30:44 UTC] PHP Notice:  Trying to get property of non-object in /home2/etsdemoc/public_html/t/theetsindia/wp-content/themes/ETS/functions.php on line 1059
[09-Jul-2020 12:31:17 UTC] PHP Warning:  scandir(/home2/etsdemoc/public_html/t/theetsindia/wp-content/uploads/wpdiscuz/cache/gravatars/): failed to open dir: No such file or directory in /home2/etsdemoc/public_html/t/theetsindia/wp-content/plugins/wpdiscuz/utils/class.WpdiscuzCache.php on line 190
[09-Jul-2020 12:31:17 UTC] PHP Warning:  scandir(): (errno 2): No such file or directory in /home2/etsdemoc/public_html/t/theetsindia/wp-content/plugins/wpdiscuz/utils/class.WpdiscuzCache.php on line 190
[09-Jul-2020 12:31:17 UTC] PHP Notice:  Trying to get property of non-object in /home2/etsdemoc/public_html/t/theetsindia/wp-content/themes/ETS/functions.php on line 1059
[09-Jul-2020 12:31:17 UTC] PHP Notice:  Trying to get property of non-object in /home2/etsdemoc/public_html/t/theetsindia/wp-content/themes/ETS/functions.php on line 1059
[09-Jul-2020 12:31:38 UTC] PHP Notice:  Trying to get property of non-object in /home2/etsdemoc/public_html/t/theetsindia/wp-content/themes/ETS/functions.php on line 1059
[09-Jul-2020 12:31:38 UTC] PHP Notice:  Trying to get property of non-object in /home2/etsdemoc/public_html/t/theetsindia/wp-content/themes/ETS/functions.php on line 1059
[09-Jul-2020 12:31:55 UTC] PHP Notice:  Trying to get property of non-object in /home2/etsdemoc/public_html/t/theetsindia/wp-content/themes/ETS/functions.php on line 1059
[09-Jul-2020 12:31:55 UTC] PHP Notice:  Trying to get property of non-object in /home2/etsdemoc/public_html/t/theetsindia/wp-content/themes/ETS/functions.php on line 1059
[09-Jul-2020 12:32:07 UTC] PHP Notice:  Trying to get property of non-object in /home2/etsdemoc/public_html/t/theetsindia/wp-content/themes/ETS/functions.php on line 1059
[09-Jul-2020 12:32:07 UTC] PHP Notice:  Trying to get property of non-object in /home2/etsdemoc/public_html/t/theetsindia/wp-content/themes/ETS/functions.php on line 1059
[09-Jul-2020 12:32:21 UTC] PHP Notice:  Trying to get property of non-object in /home2/etsdemoc/public_html/t/theetsindia/wp-content/themes/ETS/functions.php on line 1059
[09-Jul-2020 12:32:21 UTC] PHP Notice:  Trying to get property of non-object in /home2/etsdemoc/public_html/t/theetsindia/wp-content/themes/ETS/functions.php on line 1059
[09-Jul-2020 12:32:27 UTC] PHP Notice:  Trying to get property of non-object in /home2/etsdemoc/public_html/t/theetsindia/wp-content/themes/ETS/functions.php on line 1059
[09-Jul-2020 12:32:27 UTC] PHP Notice:  Trying to get property of non-object in /home2/etsdemoc/public_html/t/theetsindia/wp-content/themes/ETS/functions.php on line 1059
[09-Jul-2020 12:32:37 UTC] PHP Notice:  Trying to get property of non-object in /home2/etsdemoc/public_html/t/theetsindia/wp-content/themes/ETS/functions.php on line 1059
[09-Jul-2020 12:32:37 UTC] PHP Notice:  Trying to get property of non-object in /home2/etsdemoc/public_html/t/theetsindia/wp-content/themes/ETS/functions.php on line 1059
[09-Jul-2020 12:32:55 UTC] PHP Notice:  Trying to get property of non-object in /home2/etsdemoc/public_html/t/theetsindia/wp-content/themes/ETS/functions.php on line 1059
[09-Jul-2020 12:32:55 UTC] PHP Notice:  Trying to get property of non-object in /home2/etsdemoc/public_html/t/theetsindia/wp-content/themes/ETS/functions.php on line 1059
[09-Jul-2020 12:33:06 UTC] PHP Notice:  Trying to get property of non-object in /home2/etsdemoc/public_html/t/theetsindia/wp-content/themes/ETS/functions.php on line 1059
[09-Jul-2020 12:33:06 UTC] PHP Notice:  Trying to get property of non-object in /home2/etsdemoc/public_html/t/theetsindia/wp-content/themes/ETS/functions.php on line 1059
[09-Jul-2020 12:37:40 UTC] PHP Notice:  Trying to get property of non-object in /home2/etsdemoc/public_html/t/theetsindia/wp-content/themes/ETS/functions.php on line 1059
[09-Jul-2020 12:37:40 UTC] PHP Notice:  Trying to get property of non-object in /home2/etsdemoc/public_html/t/theetsindia/wp-content/themes/ETS/functions.php on line 1059
[09-Jul-2020 12:37:48 UTC] PHP Notice:  Trying to get property of non-object in /home2/etsdemoc/public_html/t/theetsindia/wp-content/themes/ETS/functions.php on line 1059
[09-Jul-2020 12:37:48 UTC] PHP Notice:  Trying to get property of non-object in /home2/etsdemoc/public_html/t/theetsindia/wp-content/themes/ETS/functions.php on line 1059
[09-Jul-2020 12:41:22 UTC] PHP Notice:  Trying to get property of non-object in /home2/etsdemoc/public_html/t/theetsindia/wp-content/themes/ETS/functions.php on line 1059
[09-Jul-2020 12:41:22 UTC] PHP Notice:  Trying to get property of non-object in /home2/etsdemoc/public_html/t/theetsindia/wp-content/themes/ETS/functions.php on line 1059
[09-Jul-2020 12:41:29 UTC] PHP Notice:  Trying to get property of non-object in /home2/etsdemoc/public_html/t/theetsindia/wp-content/themes/ETS/functions.php on line 1059
[09-Jul-2020 12:41:29 UTC] PHP Notice:  Trying to get property of non-object in /home2/etsdemoc/public_html/t/theetsindia/wp-content/themes/ETS/functions.php on line 1059
[09-Jul-2020 12:41:56 UTC] PHP Notice:  Trying to get property of non-object in /home2/etsdemoc/public_html/t/theetsindia/wp-content/themes/ETS/functions.php on line 1059
[09-Jul-2020 12:41:56 UTC] PHP Notice:  Trying to get property of non-object in /home2/etsdemoc/public_html/t/theetsindia/wp-content/themes/ETS/functions.php on line 1059
[12-Jul-2020 14:21:44 UTC] PHP Warning:  scandir(/home2/etsdemoc/public_html/t/theetsindia/wp-content/uploads/wpdiscuz/cache/gravatars/): failed to open dir: No such file or directory in /home2/etsdemoc/public_html/t/theetsindia/wp-content/plugins/wpdiscuz/utils/class.WpdiscuzCache.php on line 190
[12-Jul-2020 14:21:44 UTC] PHP Warning:  scandir(): (errno 2): No such file or directory in /home2/etsdemoc/public_html/t/theetsindia/wp-content/plugins/wpdiscuz/utils/class.WpdiscuzCache.php on line 190
[13-Jul-2020 13:07:30 UTC] PHP Warning:  scandir(/home2/etsdemoc/public_html/t/theetsindia/wp-content/uploads/wpdiscuz/cache/gravatars/): failed to open dir: No such file or directory in /home2/etsdemoc/public_html/t/theetsindia/wp-content/plugins/wpdiscuz/utils/class.WpdiscuzCache.php on line 190
[13-Jul-2020 13:07:30 UTC] PHP Warning:  scandir(): (errno 2): No such file or directory in /home2/etsdemoc/public_html/t/theetsindia/wp-content/plugins/wpdiscuz/utils/class.WpdiscuzCache.php on line 190
[15-Jul-2020 13:00:16 UTC] PHP Warning:  scandir(/home2/etsdemoc/public_html/t/theetsindia/wp-content/uploads/wpdiscuz/cache/gravatars/): failed to open dir: No such file or directory in /home2/etsdemoc/public_html/t/theetsindia/wp-content/plugins/wpdiscuz/utils/class.WpdiscuzCache.php on line 190
[15-Jul-2020 13:00:16 UTC] PHP Warning:  scandir(): (errno 2): No such file or directory in /home2/etsdemoc/public_html/t/theetsindia/wp-content/plugins/wpdiscuz/utils/class.WpdiscuzCache.php on line 190
[17-Jul-2020 20:17:50 UTC] PHP Warning:  scandir(/home2/etsdemoc/public_html/t/theetsindia/wp-content/uploads/wpdiscuz/cache/gravatars/): failed to open dir: No such file or directory in /home2/etsdemoc/public_html/t/theetsindia/wp-content/plugins/wpdiscuz/utils/class.WpdiscuzCache.php on line 190
[17-Jul-2020 20:17:50 UTC] PHP Warning:  scandir(): (errno 2): No such file or directory in /home2/etsdemoc/public_html/t/theetsindia/wp-content/plugins/wpdiscuz/utils/class.WpdiscuzCache.php on line 190
[19-Jul-2020 13:33:52 UTC] PHP Warning:  scandir(C:\xampp\htdocs\theetsindia/wp-content/uploads/wpdiscuz/cache/gravatars/,C:\xampp\htdocs\theetsindia/wp-content/uploads/wpdiscuz/cache/gravatars/): The system cannot find the path specified. (code: 3) in C:\xampp\htdocs\theetsindia\wp-content\plugins\wpdiscuz\utils\class.WpdiscuzCache.php on line 190
[19-Jul-2020 13:33:52 UTC] PHP Warning:  scandir(C:\xampp\htdocs\theetsindia/wp-content/uploads/wpdiscuz/cache/gravatars/): failed to open dir: No such file or directory in C:\xampp\htdocs\theetsindia\wp-content\plugins\wpdiscuz\utils\class.WpdiscuzCache.php on line 190
[19-Jul-2020 13:33:52 UTC] PHP Warning:  scandir(): (errno 2): No such file or directory in C:\xampp\htdocs\theetsindia\wp-content\plugins\wpdiscuz\utils\class.WpdiscuzCache.php on line 190
